{"C:\\Users\\user\\Desktop\\moved-folder-old\\personal-projects\\assessment\\simbrella-assessment\\fintech-frontend-assessment\\src\\App.tsx": {"path":"C:\\Users\\user\\Desktop\\moved-folder-old\\personal-projects\\assessment\\simbrella-assessment\\fintech-frontend-assessment\\src\\App.tsx","statementMap":{"0":{"start":{"line":1,"column":0},"end":{"line":1,"column":50}},"1":{"start":{"line":2,"column":0},"end":{"line":2,"column":33}},"2":{"start":{"line":3,"column":0},"end":{"line":3,"column":34}},"3":{"start":{"line":4,"column":0},"end":{"line":4,"column":55}},"4":{"start":{"line":7,"column":2},"end":{"line":12,"column":4}},"5":{"start":{"line":15,"column":0},"end":{"line":15,"column":19}}},"fnMap":{"0":{"name":"App","decl":{"start":{"line":6,"column":9},"end":{"line":6,"column":12}},"loc":{"start":{"line":6,"column":12},"end":{"line":13,"column":1}}}},"branchMap":{},"s":{"0":0,"1":0,"2":0,"3":0,"4":0,"5":0},"f":{"0":0},"b":{}}
,"C:\\Users\\user\\Desktop\\moved-folder-old\\personal-projects\\assessment\\simbrella-assessment\\fintech-frontend-assessment\\src\\__tests__\\test-utils.tsx": {"path":"C:\\Users\\user\\Desktop\\moved-folder-old\\personal-projects\\assessment\\simbrella-assessment\\fintech-frontend-assessment\\src\\__tests__\\test-utils.tsx","statementMap":{"0":{"start":{"line":18,"column":0},"end":{"line":18,"column":16}},"1":{"start":{"line":36,"column":0},"end":{"line":36,"column":16}},"2":{"start":{"line":2,"column":0},"end":{"line":2,"column":48}},"3":{"start":{"line":4,"column":0},"end":{"line":4,"column":39}},"4":{"start":{"line":5,"column":0},"end":{"line":5,"column":null}},"5":{"start":{"line":10,"column":0},"end":{"line":10,"column":44}},"6":{"start":{"line":12,"column":20},"end":{"line":14,"column":2}},"7":{"start":{"line":19,"column":2},"end":{"line":25,"column":5}},"8":{"start":{"line":23,"column":6},"end":{"line":23,"column":58}},"9":{"start":{"line":46,"column":4},"end":{"line":46,"column":57}},"10":{"start":{"line":49,"column":2},"end":{"line":49,"column":74}},"11":{"start":{"line":53,"column":0},"end":{"line":53,"column":39}}},"fnMap":{"0":{"name":"setupStore","decl":{"start":{"line":18,"column":16},"end":{"line":18,"column":26}},"loc":{"start":{"line":18,"column":62},"end":{"line":26,"column":1}}},"1":{"name":"(anonymous_5)","decl":{"start":{"line":21,"column":16},"end":{"line":21,"column":17}},"loc":{"start":{"line":23,"column":6},"end":{"line":23,"column":58}}},"2":{"name":"renderWithProviders","decl":{"start":{"line":36,"column":16},"end":{"line":36,"column":35}},"loc":{"start":{"line":42,"column":31},"end":{"line":50,"column":1}}},"3":{"name":"Wrapper","decl":{"start":{"line":45,"column":11},"end":{"line":45,"column":18}},"loc":{"start":{"line":45,"column":54},"end":{"line":47,"column":3}}}},"branchMap":{"0":{"loc":{"start":{"line":38,"column":2},"end":{"line":42,"column":31}},"type":"default-arg","locations":[{"start":{"line":42,"column":29},"end":{"line":42,"column":31}}]},"1":{"loc":{"start":{"line":39,"column":4},"end":{"line":39,"column":23}},"type":"default-arg","locations":[{"start":{"line":39,"column":21},"end":{"line":39,"column":23}}]},"2":{"loc":{"start":{"line":40,"column":4},"end":{"line":40,"column":38}},"type":"default-arg","locations":[{"start":{"line":40,"column":12},"end":{"line":40,"column":38}}]}},"s":{"0":0,"1":0,"2":0,"3":0,"4":0,"5":0,"6":0,"7":0,"8":0,"9":0,"10":0,"11":0},"f":{"0":0,"1":0,"2":0,"3":0},"b":{"0":[0],"1":[0],"2":[0]}}
,"C:\\Users\\user\\Desktop\\moved-folder-old\\personal-projects\\assessment\\simbrella-assessment\\fintech-frontend-assessment\\src\\components\\LoadingShimmerBlock.tsx": {"path":"C:\\Users\\user\\Desktop\\moved-folder-old\\personal-projects\\assessment\\simbrella-assessment\\fintech-frontend-assessment\\src\\components\\LoadingShimmerBlock.tsx","statementMap":{"0":{"start":{"line":1,"column":35},"end":{"line":2,"column":null}},"1":{"start":{"line":2,"column":2},"end":{"line":2,"column":70}},"2":{"start":{"line":1,"column":13},"end":{"line":1,"column":35}}},"fnMap":{"0":{"name":"(anonymous_0)","decl":{"start":{"line":1,"column":35},"end":{"line":1,"column":36}},"loc":{"start":{"line":2,"column":2},"end":{"line":2,"column":70}}}},"branchMap":{},"s":{"0":4,"1":34,"2":4},"f":{"0":34},"b":{}}
,"C:\\Users\\user\\Desktop\\moved-folder-old\\personal-projects\\assessment\\simbrella-assessment\\fintech-frontend-assessment\\src\\components\\features\\loans\\ActiveLoans.tsx": {"path":"C:\\Users\\user\\Desktop\\moved-folder-old\\personal-projects\\assessment\\simbrella-assessment\\fintech-frontend-assessment\\src\\components\\features\\loans\\ActiveLoans.tsx","statementMap":{"0":{"start":{"line":1,"column":0},"end":{"line":1,"column":64}},"1":{"start":{"line":2,"column":0},"end":{"line":2,"column":57}},"2":{"start":{"line":3,"column":0},"end":{"line":3,"column":69}},"3":{"start":{"line":4,"column":0},"end":{"line":4,"column":34}},"4":{"start":{"line":5,"column":0},"end":{"line":5,"column":56}},"5":{"start":{"line":7,"column":27},"end":{"line":188,"column":1}},"6":{"start":{"line":14,"column":6},"end":{"line":14,"column":30}},"7":{"start":{"line":16,"column":27},"end":{"line":23,"column":3}},"8":{"start":{"line":17,"column":46},"end":{"line":21,"column":6}},"9":{"start":{"line":22,"column":4},"end":{"line":22,"column":59}},"10":{"start":{"line":25,"column":2},"end":{"line":52,"column":3}},"11":{"start":{"line":26,"column":4},"end":{"line":51,"column":6}},"12":{"start":{"line":31,"column":12},"end":{"line":32,"column":null}},"13":{"start":{"line":54,"column":2},"end":{"line":78,"column":3}},"14":{"start":{"line":55,"column":4},"end":{"line":77,"column":6}},"15":{"start":{"line":69,"column":27},"end":{"line":69,"column":36}},"16":{"start":{"line":80,"column":2},"end":{"line":94,"column":3}},"17":{"start":{"line":81,"column":4},"end":{"line":93,"column":6}},"18":{"start":{"line":96,"column":2},"end":{"line":187,"column":4}},"19":{"start":{"line":101,"column":25},"end":{"line":101,"column":34}},"20":{"start":{"line":114,"column":8},"end":{"line":114,"column":27}},"21":{"start":{"line":7,"column":13},"end":{"line":7,"column":27}}},"fnMap":{"0":{"name":"(anonymous_0)","decl":{"start":{"line":7,"column":27},"end":{"line":7,"column":30}},"loc":{"start":{"line":7,"column":32},"end":{"line":188,"column":1}}},"1":{"name":"(anonymous_1)","decl":{"start":{"line":16,"column":27},"end":{"line":16,"column":28}},"loc":{"start":{"line":16,"column":48},"end":{"line":23,"column":3}}},"2":{"name":"(anonymous_2)","decl":{"start":{"line":30,"column":41},"end":{"line":30,"column":42}},"loc":{"start":{"line":31,"column":12},"end":{"line":32,"column":null}}},"3":{"name":"(anonymous_3)","decl":{"start":{"line":69,"column":21},"end":{"line":69,"column":24}},"loc":{"start":{"line":69,"column":27},"end":{"line":69,"column":36}}},"4":{"name":"(anonymous_4)","decl":{"start":{"line":101,"column":19},"end":{"line":101,"column":22}},"loc":{"start":{"line":101,"column":25},"end":{"line":101,"column":34}}},"5":{"name":"(anonymous_5)","decl":{"start":{"line":113,"column":23},"end":{"line":113,"column":24}},"loc":{"start":{"line":114,"column":8},"end":{"line":114,"column":27}}}},"branchMap":{"0":{"loc":{"start":{"line":9,"column":10},"end":{"line":9,"column":26}},"type":"default-arg","locations":[{"start":{"line":9,"column":24},"end":{"line":9,"column":26}}]},"1":{"loc":{"start":{"line":22,"column":11},"end":{"line":22,"column":58}},"type":"binary-expr","locations":[{"start":{"line":22,"column":11},"end":{"line":22,"column":27}},{"start":{"line":22,"column":31},"end":{"line":22,"column":58}}]},"2":{"loc":{"start":{"line":25,"column":2},"end":{"line":52,"column":3}},"type":"if","locations":[{"start":{"line":25,"column":2},"end":{"line":52,"column":3}}]},"3":{"loc":{"start":{"line":25,"column":6},"end":{"line":25,"column":29}},"type":"binary-expr","locations":[{"start":{"line":25,"column":6},"end":{"line":25,"column":15}},{"start":{"line":25,"column":19},"end":{"line":25,"column":29}}]},"4":{"loc":{"start":{"line":54,"column":2},"end":{"line":78,"column":3}},"type":"if","locations":[{"start":{"line":54,"column":2},"end":{"line":78,"column":3}}]},"5":{"loc":{"start":{"line":80,"column":2},"end":{"line":94,"column":3}},"type":"if","locations":[{"start":{"line":80,"column":2},"end":{"line":94,"column":3}}]},"6":{"loc":{"start":{"line":105,"column":11},"end":{"line":108,"column":null}},"type":"cond-expr","locations":[{"start":{"line":106,"column":12},"end":{"line":106,"column":63}},{"start":{"line":108,"column":12},"end":{"line":108,"column":50}}]},"7":{"loc":{"start":{"line":168,"column":13},"end":{"line":181,"column":null}},"type":"binary-expr","locations":[{"start":{"line":168,"column":13},"end":{"line":168,"column":33}},{"start":{"line":169,"column":14},"end":{"line":180,"column":null}}]}},"s":{"0":1,"1":1,"2":1,"3":1,"4":1,"5":1,"6":5,"7":5,"8":2,"9":2,"10":5,"11":1,"12":2,"13":4,"14":1,"15":1,"16":3,"17":1,"18":2,"19":1,"20":2,"21":1},"f":{"0":5,"1":2,"2":2,"3":1,"4":1,"5":2},"b":{"0":[0],"1":[2,0],"2":[1],"3":[5,4],"4":[1],"5":[1],"6":[0,2],"7":[2,1]}}
,"C:\\Users\\user\\Desktop\\moved-folder-old\\personal-projects\\assessment\\simbrella-assessment\\fintech-frontend-assessment\\src\\components\\features\\loans\\LoanHistory.tsx": {"path":"C:\\Users\\user\\Desktop\\moved-folder-old\\personal-projects\\assessment\\simbrella-assessment\\fintech-frontend-assessment\\src\\components\\features\\loans\\LoanHistory.tsx","statementMap":{"0":{"start":{"line":1,"column":0},"end":{"line":1,"column":34}},"1":{"start":{"line":2,"column":0},"end":{"line":2,"column":69}},"2":{"start":{"line":3,"column":0},"end":{"line":3,"column":43}},"3":{"start":{"line":4,"column":0},"end":{"line":4,"column":64}},"4":{"start":{"line":6,"column":27},"end":{"line":110,"column":1}},"5":{"start":{"line":13,"column":6},"end":{"line":13,"column":30}},"6":{"start":{"line":15,"column":2},"end":{"line":35,"column":3}},"7":{"start":{"line":16,"column":4},"end":{"line":34,"column":6}},"8":{"start":{"line":27,"column":27},"end":{"line":27,"column":36}},"9":{"start":{"line":37,"column":2},"end":{"line":59,"column":3}},"10":{"start":{"line":38,"column":4},"end":{"line":58,"column":6}},"11":{"start":{"line":43,"column":12},"end":{"line":43,"column":29}},"12":{"start":{"line":61,"column":2},"end":{"line":73,"column":3}},"13":{"start":{"line":62,"column":4},"end":{"line":72,"column":6}},"14":{"start":{"line":75,"column":2},"end":{"line":109,"column":4}},"15":{"start":{"line":80,"column":10},"end":{"line":80,"column":29}},"16":{"start":{"line":6,"column":13},"end":{"line":6,"column":27}},"17":{"start":{"line":112,"column":0},"end":{"line":112,"column":27}}},"fnMap":{"0":{"name":"(anonymous_0)","decl":{"start":{"line":6,"column":27},"end":{"line":6,"column":30}},"loc":{"start":{"line":6,"column":32},"end":{"line":110,"column":1}}},"1":{"name":"(anonymous_1)","decl":{"start":{"line":27,"column":21},"end":{"line":27,"column":24}},"loc":{"start":{"line":27,"column":27},"end":{"line":27,"column":36}}},"2":{"name":"(anonymous_2)","decl":{"start":{"line":42,"column":29},"end":{"line":42,"column":30}},"loc":{"start":{"line":43,"column":12},"end":{"line":43,"column":29}}},"3":{"name":"(anonymous_3)","decl":{"start":{"line":79,"column":19},"end":{"line":79,"column":20}},"loc":{"start":{"line":80,"column":10},"end":{"line":80,"column":29}}}},"branchMap":{"0":{"loc":{"start":{"line":8,"column":10},"end":{"line":8,"column":20}},"type":"default-arg","locations":[{"start":{"line":8,"column":18},"end":{"line":8,"column":20}}]},"1":{"loc":{"start":{"line":15,"column":2},"end":{"line":35,"column":3}},"type":"if","locations":[{"start":{"line":15,"column":2},"end":{"line":35,"column":3}}]},"2":{"loc":{"start":{"line":37,"column":2},"end":{"line":59,"column":3}},"type":"if","locations":[{"start":{"line":37,"column":2},"end":{"line":59,"column":3}}]},"3":{"loc":{"start":{"line":37,"column":6},"end":{"line":37,"column":29}},"type":"binary-expr","locations":[{"start":{"line":37,"column":6},"end":{"line":37,"column":15}},{"start":{"line":37,"column":19},"end":{"line":37,"column":29}}]},"4":{"loc":{"start":{"line":61,"column":2},"end":{"line":73,"column":3}},"type":"if","locations":[{"start":{"line":61,"column":2},"end":{"line":73,"column":3}}]},"5":{"loc":{"start":{"line":91,"column":20},"end":{"line":95,"column":null}},"type":"cond-expr","locations":[{"start":{"line":92,"column":24},"end":{"line":92,"column":53}},{"start":{"line":93,"column":24},"end":{"line":95,"column":null}}]},"6":{"loc":{"start":{"line":93,"column":24},"end":{"line":95,"column":null}},"type":"cond-expr","locations":[{"start":{"line":94,"column":24},"end":{"line":94,"column":51}},{"start":{"line":95,"column":24},"end":{"line":95,"column":null}}]}},"s":{"0":1,"1":1,"2":1,"3":1,"4":1,"5":4,"6":4,"7":1,"8":1,"9":3,"10":1,"11":3,"12":2,"13":1,"14":1,"15":2,"16":1,"17":1},"f":{"0":4,"1":1,"2":3,"3":2},"b":{"0":[0],"1":[1],"2":[1],"3":[3,2],"4":[1],"5":[1,1],"6":[1,0]}}
,"C:\\Users\\user\\Desktop\\moved-folder-old\\personal-projects\\assessment\\simbrella-assessment\\fintech-frontend-assessment\\src\\components\\features\\loans\\LoanRequestForm.tsx": {"path":"C:\\Users\\user\\Desktop\\moved-folder-old\\personal-projects\\assessment\\simbrella-assessment\\fintech-frontend-assessment\\src\\components\\features\\loans\\LoanRequestForm.tsx","statementMap":{"0":{"start":{"line":1,"column":0},"end":{"line":1,"column":41}},"1":{"start":{"line":2,"column":0},"end":{"line":2,"column":24}},"2":{"start":{"line":3,"column":0},"end":{"line":3,"column":42}},"3":{"start":{"line":4,"column":0},"end":{"line":4,"column":54}},"4":{"start":{"line":5,"column":0},"end":{"line":5,"column":75}},"5":{"start":{"line":6,"column":0},"end":{"line":6,"column":31}},"6":{"start":{"line":9,"column":19},"end":{"line":47,"column":2}},"7":{"start":{"line":13,"column":24},"end":{"line":13,"column":35}},"8":{"start":{"line":14,"column":21},"end":{"line":14,"column":32}},"9":{"start":{"line":17,"column":21},"end":{"line":17,"column":31}},"10":{"start":{"line":20,"column":21},"end":{"line":20,"column":33}},"11":{"start":{"line":27,"column":24},"end":{"line":27,"column":35}},"12":{"start":{"line":28,"column":21},"end":{"line":28,"column":32}},"13":{"start":{"line":31,"column":21},"end":{"line":31,"column":29}},"14":{"start":{"line":34,"column":21},"end":{"line":34,"column":30}},"15":{"start":{"line":46,"column":24},"end":{"line":46,"column":34}},"16":{"start":{"line":51,"column":34},"end":{"line":184,"column":1}},"17":{"start":{"line":52,"column":45},"end":{"line":52,"column":75}},"18":{"start":{"line":59,"column":6},"end":{"line":62,"column":4}},"19":{"start":{"line":64,"column":19},"end":{"line":82,"column":3}},"20":{"start":{"line":65,"column":4},"end":{"line":81,"column":5}},"21":{"start":{"line":66,"column":22},"end":{"line":74,"column":8}},"22":{"start":{"line":76,"column":6},"end":{"line":76,"column":41}},"23":{"start":{"line":77,"column":6},"end":{"line":77,"column":14}},"24":{"start":{"line":78,"column":6},"end":{"line":78,"column":60}},"25":{"start":{"line":80,"column":6},"end":{"line":80,"column":25}},"26":{"start":{"line":84,"column":2},"end":{"line":91,"column":14}},"27":{"start":{"line":85,"column":4},"end":{"line":90,"column":5}},"28":{"start":{"line":86,"column":18},"end":{"line":86,"column":40}},"29":{"start":{"line":87,"column":6},"end":{"line":89,"column":8}},"30":{"start":{"line":93,"column":2},"end":{"line":183,"column":4}},"31":{"start":{"line":186,"column":0},"end":{"line":186,"column":31}}},"fnMap":{"0":{"name":"(anonymous_0)","decl":{"start":{"line":13,"column":15},"end":{"line":13,"column":16}},"loc":{"start":{"line":13,"column":24},"end":{"line":13,"column":35}}},"1":{"name":"(anonymous_1)","decl":{"start":{"line":14,"column":12},"end":{"line":14,"column":13}},"loc":{"start":{"line":14,"column":21},"end":{"line":14,"column":32}}},"2":{"name":"(anonymous_2)","decl":{"start":{"line":17,"column":12},"end":{"line":17,"column":13}},"loc":{"start":{"line":17,"column":21},"end":{"line":17,"column":31}}},"3":{"name":"(anonymous_3)","decl":{"start":{"line":20,"column":12},"end":{"line":20,"column":13}},"loc":{"start":{"line":20,"column":21},"end":{"line":20,"column":33}}},"4":{"name":"(anonymous_4)","decl":{"start":{"line":27,"column":15},"end":{"line":27,"column":16}},"loc":{"start":{"line":27,"column":24},"end":{"line":27,"column":35}}},"5":{"name":"(anonymous_5)","decl":{"start":{"line":28,"column":12},"end":{"line":28,"column":13}},"loc":{"start":{"line":28,"column":21},"end":{"line":28,"column":32}}},"6":{"name":"(anonymous_6)","decl":{"start":{"line":31,"column":12},"end":{"line":31,"column":13}},"loc":{"start":{"line":31,"column":21},"end":{"line":31,"column":29}}},"7":{"name":"(anonymous_7)","decl":{"start":{"line":34,"column":12},"end":{"line":34,"column":13}},"loc":{"start":{"line":34,"column":21},"end":{"line":34,"column":30}}},"8":{"name":"(anonymous_8)","decl":{"start":{"line":46,"column":15},"end":{"line":46,"column":16}},"loc":{"start":{"line":46,"column":24},"end":{"line":46,"column":34}}},"9":{"name":"(anonymous_9)","decl":{"start":{"line":51,"column":34},"end":{"line":51,"column":37}},"loc":{"start":{"line":51,"column":39},"end":{"line":184,"column":1}}},"10":{"name":"(anonymous_10)","decl":{"start":{"line":64,"column":19},"end":{"line":64,"column":24}},"loc":{"start":{"line":64,"column":48},"end":{"line":82,"column":3}}},"11":{"name":"(anonymous_11)","decl":{"start":{"line":84,"column":12},"end":{"line":84,"column":15}},"loc":{"start":{"line":84,"column":17},"end":{"line":91,"column":3}}}},"branchMap":{"0":{"loc":{"start":{"line":85,"column":4},"end":{"line":90,"column":5}},"type":"if","locations":[{"start":{"line":85,"column":4},"end":{"line":90,"column":5}}]},"1":{"loc":{"start":{"line":88,"column":8},"end":{"line":88,"column":77}},"type":"binary-expr","locations":[{"start":{"line":88,"column":8},"end":{"line":88,"column":26}},{"start":{"line":88,"column":30},"end":{"line":88,"column":42}},{"start":{"line":88,"column":46},"end":{"line":88,"column":77}}]},"2":{"loc":{"start":{"line":116,"column":14},"end":{"line":118,"column":null}},"type":"cond-expr","locations":[{"start":{"line":117,"column":18},"end":{"line":117,"column":53}},{"start":{"line":118,"column":18},"end":{"line":118,"column":null}}]},"3":{"loc":{"start":{"line":121,"column":11},"end":{"line":122,"column":null}},"type":"binary-expr","locations":[{"start":{"line":121,"column":11},"end":{"line":121,"column":24}},{"start":{"line":122,"column":12},"end":{"line":122,"column":80}}]},"4":{"loc":{"start":{"line":139,"column":14},"end":{"line":141,"column":null}},"type":"cond-expr","locations":[{"start":{"line":140,"column":18},"end":{"line":140,"column":53}},{"start":{"line":141,"column":18},"end":{"line":141,"column":null}}]},"5":{"loc":{"start":{"line":144,"column":11},"end":{"line":145,"column":null}},"type":"binary-expr","locations":[{"start":{"line":144,"column":11},"end":{"line":144,"column":24}},{"start":{"line":145,"column":12},"end":{"line":145,"column":80}}]},"6":{"loc":{"start":{"line":161,"column":14},"end":{"line":163,"column":null}},"type":"cond-expr","locations":[{"start":{"line":162,"column":18},"end":{"line":162,"column":53}},{"start":{"line":163,"column":18},"end":{"line":163,"column":null}}]},"7":{"loc":{"start":{"line":167,"column":11},"end":{"line":170,"column":null}},"type":"binary-expr","locations":[{"start":{"line":167,"column":11},"end":{"line":167,"column":25}},{"start":{"line":168,"column":12},"end":{"line":169,"column":null}}]},"8":{"loc":{"start":{"line":179,"column":11},"end":{"line":179,"column":62}},"type":"cond-expr","locations":[{"start":{"line":179,"column":23},"end":{"line":179,"column":38}},{"start":{"line":179,"column":41},"end":{"line":179,"column":62}}]}},"s":{"0":0,"1":0,"2":0,"3":0,"4":0,"5":0,"6":0,"7":0,"8":0,"9":0,"10":0,"11":0,"12":0,"13":0,"14":0,"15":0,"16":0,"17":0,"18":0,"19":0,"20":0,"21":0,"22":0,"23":0,"24":0,"25":0,"26":0,"27":0,"28":0,"29":0,"30":0,"31":0},"f":{"0":0,"1":0,"2":0,"3":0,"4":0,"5":0,"6":0,"7":0,"8":0,"9":0,"10":0,"11":0},"b":{"0":[0],"1":[0,0,0],"2":[0,0],"3":[0,0],"4":[0,0],"5":[0,0],"6":[0,0],"7":[0,0],"8":[0,0]}}
,"C:\\Users\\user\\Desktop\\moved-folder-old\\personal-projects\\assessment\\simbrella-assessment\\fintech-frontend-assessment\\src\\components\\features\\transactions\\TransactionControls.tsx": {"path":"C:\\Users\\user\\Desktop\\moved-folder-old\\personal-projects\\assessment\\simbrella-assessment\\fintech-frontend-assessment\\src\\components\\features\\transactions\\TransactionControls.tsx","statementMap":{"0":{"start":{"line":1,"column":0},"end":{"line":1,"column":51}},"1":{"start":{"line":20,"column":52},"end":{"line":108,"column":1}},"2":{"start":{"line":25,"column":38},"end":{"line":26,"column":null}},"3":{"start":{"line":28,"column":36},"end":{"line":28,"column":71}},"4":{"start":{"line":29,"column":44},"end":{"line":29,"column":75}},"5":{"start":{"line":31,"column":2},"end":{"line":37,"column":63}},"6":{"start":{"line":32,"column":33},"end":{"line":35,"column":6}},"7":{"start":{"line":33,"column":6},"end":{"line":33,"column":44}},"8":{"start":{"line":33,"column":32},"end":{"line":33,"column":44}},"9":{"start":{"line":34,"column":6},"end":{"line":34,"column":45}},"10":{"start":{"line":36,"column":4},"end":{"line":36,"column":55}},"11":{"start":{"line":39,"column":29},"end":{"line":41,"column":3}},"12":{"start":{"line":40,"column":4},"end":{"line":40,"column":64}},"13":{"start":{"line":43,"column":32},"end":{"line":48,"column":3}},"14":{"start":{"line":44,"column":25},"end":{"line":44,"column":60}},"15":{"start":{"line":45,"column":4},"end":{"line":45,"column":31}},"16":{"start":{"line":46,"column":4},"end":{"line":46,"column":28}},"17":{"start":{"line":47,"column":4},"end":{"line":47,"column":38}},"18":{"start":{"line":50,"column":36},"end":{"line":54,"column":3}},"19":{"start":{"line":51,"column":25},"end":{"line":51,"column":65}},"20":{"start":{"line":52,"column":4},"end":{"line":52,"column":35}},"21":{"start":{"line":53,"column":4},"end":{"line":53,"column":42}},"22":{"start":{"line":56,"column":2},"end":{"line":107,"column":4}},"23":{"start":{"line":20,"column":13},"end":{"line":20,"column":52}}},"fnMap":{"0":{"name":"(anonymous_0)","decl":{"start":{"line":20,"column":52},"end":{"line":20,"column":53}},"loc":{"start":{"line":24,"column":5},"end":{"line":108,"column":1}}},"1":{"name":"(anonymous_1)","decl":{"start":{"line":31,"column":12},"end":{"line":31,"column":15}},"loc":{"start":{"line":31,"column":17},"end":{"line":37,"column":3}}},"2":{"name":"(anonymous_2)","decl":{"start":{"line":32,"column":53},"end":{"line":32,"column":54}},"loc":{"start":{"line":32,"column":69},"end":{"line":35,"column":5}}},"3":{"name":"(anonymous_3)","decl":{"start":{"line":39,"column":29},"end":{"line":39,"column":30}},"loc":{"start":{"line":39,"column":73},"end":{"line":41,"column":3}}},"4":{"name":"(anonymous_4)","decl":{"start":{"line":43,"column":32},"end":{"line":43,"column":33}},"loc":{"start":{"line":43,"column":76},"end":{"line":48,"column":3}}},"5":{"name":"(anonymous_5)","decl":{"start":{"line":50,"column":36},"end":{"line":50,"column":39}},"loc":{"start":{"line":50,"column":41},"end":{"line":54,"column":3}}}},"branchMap":{"0":{"loc":{"start":{"line":33,"column":6},"end":{"line":33,"column":44}},"type":"if","locations":[{"start":{"line":33,"column":6},"end":{"line":33,"column":44}}]},"1":{"loc":{"start":{"line":51,"column":25},"end":{"line":51,"column":65}},"type":"cond-expr","locations":[{"start":{"line":51,"column":51},"end":{"line":51,"column":57}},{"start":{"line":51,"column":60},"end":{"line":51,"column":65}}]},"2":{"loc":{"start":{"line":98,"column":16},"end":{"line":98,"column":null}},"type":"cond-expr","locations":[{"start":{"line":98,"column":42},"end":{"line":98,"column":54}},{"start":{"line":98,"column":57},"end":{"line":98,"column":null}}]},"3":{"loc":{"start":{"line":101,"column":15},"end":{"line":101,"column":52}},"type":"cond-expr","locations":[{"start":{"line":101,"column":41},"end":{"line":101,"column":45}},{"start":{"line":101,"column":48},"end":{"line":101,"column":52}}]}},"s":{"0":2,"1":2,"2":26,"3":26,"4":26,"5":26,"6":16,"7":39,"8":30,"9":9,"10":16,"11":26,"12":3,"13":26,"14":3,"15":3,"16":3,"17":3,"18":26,"19":0,"20":0,"21":0,"22":26,"23":2},"f":{"0":26,"1":16,"2":39,"3":3,"4":3,"5":0},"b":{"0":[30],"1":[0,0],"2":[26,0],"3":[26,0]}}
,"C:\\Users\\user\\Desktop\\moved-folder-old\\personal-projects\\assessment\\simbrella-assessment\\fintech-frontend-assessment\\src\\components\\features\\transactions\\TransactionStats.tsx": {"path":"C:\\Users\\user\\Desktop\\moved-folder-old\\personal-projects\\assessment\\simbrella-assessment\\fintech-frontend-assessment\\src\\components\\features\\transactions\\TransactionStats.tsx","statementMap":{"0":{"start":{"line":2,"column":0},"end":{"line":2,"column":64}},"1":{"start":{"line":3,"column":0},"end":{"line":3,"column":74}},"2":{"start":{"line":4,"column":0},"end":{"line":4,"column":43}},"3":{"start":{"line":11,"column":5},"end":{"line":26,"column":null}},"4":{"start":{"line":12,"column":2},"end":{"line":25,"column":null}},"5":{"start":{"line":29,"column":42},"end":{"line":81,"column":1}},"6":{"start":{"line":35,"column":6},"end":{"line":35,"column":35}},"7":{"start":{"line":37,"column":2},"end":{"line":57,"column":3}},"8":{"start":{"line":38,"column":4},"end":{"line":56,"column":6}},"9":{"start":{"line":49,"column":27},"end":{"line":49,"column":36}},"10":{"start":{"line":59,"column":2},"end":{"line":80,"column":4}},"11":{"start":{"line":29,"column":13},"end":{"line":29,"column":42}}},"fnMap":{"0":{"name":"(anonymous_0)","decl":{"start":{"line":11,"column":5},"end":{"line":11,"column":6}},"loc":{"start":{"line":12,"column":2},"end":{"line":25,"column":null}}},"1":{"name":"(anonymous_1)","decl":{"start":{"line":29,"column":42},"end":{"line":29,"column":45}},"loc":{"start":{"line":29,"column":47},"end":{"line":81,"column":1}}},"2":{"name":"(anonymous_2)","decl":{"start":{"line":49,"column":21},"end":{"line":49,"column":24}},"loc":{"start":{"line":49,"column":27},"end":{"line":49,"column":36}}}},"branchMap":{"0":{"loc":{"start":{"line":13,"column":5},"end":{"line":24,"column":null}},"type":"cond-expr","locations":[{"start":{"line":14,"column":6},"end":{"line":16,"column":null}},{"start":{"line":19,"column":6},"end":{"line":23,"column":null}}]},"1":{"loc":{"start":{"line":37,"column":2},"end":{"line":57,"column":3}},"type":"if","locations":[{"start":{"line":37,"column":2},"end":{"line":57,"column":3}}]},"2":{"loc":{"start":{"line":63,"column":16},"end":{"line":63,"column":39}},"type":"binary-expr","locations":[{"start":{"line":63,"column":16},"end":{"line":63,"column":34}},{"start":{"line":63,"column":38},"end":{"line":63,"column":39}}]},"3":{"loc":{"start":{"line":69,"column":16},"end":{"line":69,"column":41}},"type":"binary-expr","locations":[{"start":{"line":69,"column":16},"end":{"line":69,"column":36}},{"start":{"line":69,"column":40},"end":{"line":69,"column":41}}]},"4":{"loc":{"start":{"line":75,"column":16},"end":{"line":75,"column":38}},"type":"binary-expr","locations":[{"start":{"line":75,"column":16},"end":{"line":75,"column":33}},{"start":{"line":75,"column":37},"end":{"line":75,"column":38}}]}},"s":{"0":2,"1":2,"2":2,"3":2,"4":9,"5":2,"6":4,"7":4,"8":1,"9":1,"10":3,"11":2},"f":{"0":9,"1":4,"2":1},"b":{"0":[6,3],"1":[1],"2":[3,2],"3":[3,2],"4":[3,2]}}
,"C:\\Users\\user\\Desktop\\moved-folder-old\\personal-projects\\assessment\\simbrella-assessment\\fintech-frontend-assessment\\src\\components\\features\\transactions\\TransactionTable.tsx": {"path":"C:\\Users\\user\\Desktop\\moved-folder-old\\personal-projects\\assessment\\simbrella-assessment\\fintech-frontend-assessment\\src\\components\\features\\transactions\\TransactionTable.tsx","statementMap":{"0":{"start":{"line":1,"column":0},"end":{"line":1,"column":51}},"1":{"start":{"line":2,"column":0},"end":{"line":2,"column":43}},"2":{"start":{"line":4,"column":0},"end":{"line":4,"column":64}},"3":{"start":{"line":5,"column":0},"end":{"line":5,"column":60}},"4":{"start":{"line":6,"column":0},"end":{"line":6,"column":70}},"5":{"start":{"line":7,"column":0},"end":{"line":7,"column":77}},"6":{"start":{"line":18,"column":48},"end":{"line":46,"column":null}},"7":{"start":{"line":26,"column":2},"end":{"line":45,"column":null}},"8":{"start":{"line":28,"column":6},"end":{"line":32,"column":7}},"9":{"start":{"line":30,"column":10},"end":{"line":30,"column":73}},"10":{"start":{"line":31,"column":8},"end":{"line":31,"column":36}},"11":{"start":{"line":49,"column":29},"end":{"line":63,"column":null}},"12":{"start":{"line":50,"column":2},"end":{"line":62,"column":null}},"13":{"start":{"line":66,"column":29},"end":{"line":76,"column":null}},"14":{"start":{"line":67,"column":2},"end":{"line":75,"column":null}},"15":{"start":{"line":79,"column":56},"end":{"line":98,"column":null}},"16":{"start":{"line":80,"column":2},"end":{"line":97,"column":null}},"17":{"start":{"line":101,"column":42},"end":{"line":254,"column":1}},"18":{"start":{"line":112,"column":6},"end":{"line":112,"column":31}},"19":{"start":{"line":114,"column":58},"end":{"line":116,"column":7}},"20":{"start":{"line":117,"column":36},"end":{"line":117,"column":52}},"21":{"start":{"line":118,"column":44},"end":{"line":118,"column":76}},"22":{"start":{"line":120,"column":2},"end":{"line":124,"column":47}},"23":{"start":{"line":121,"column":4},"end":{"line":123,"column":47}},"24":{"start":{"line":122,"column":6},"end":{"line":122,"column":57}},"25":{"start":{"line":123,"column":9},"end":{"line":123,"column":47}},"26":{"start":{"line":126,"column":21},"end":{"line":129,"column":3}},"27":{"start":{"line":127,"column":4},"end":{"line":127,"column":24}},"28":{"start":{"line":128,"column":4},"end":{"line":128,"column":32}},"29":{"start":{"line":131,"column":29},"end":{"line":148,"column":4}},"30":{"start":{"line":132,"column":4},"end":{"line":136,"column":5}},"31":{"start":{"line":133,"column":6},"end":{"line":135,"column":66}},"32":{"start":{"line":137,"column":4},"end":{"line":141,"column":5}},"33":{"start":{"line":138,"column":6},"end":{"line":140,"column":30}},"34":{"start":{"line":142,"column":4},"end":{"line":146,"column":5}},"35":{"start":{"line":143,"column":6},"end":{"line":145,"column":39}},"36":{"start":{"line":147,"column":4},"end":{"line":147,"column":13}},"37":{"start":{"line":150,"column":2},"end":{"line":253,"column":4}},"38":{"start":{"line":212,"column":18},"end":{"line":213,"column":null}},"39":{"start":{"line":101,"column":13},"end":{"line":101,"column":42}}},"fnMap":{"0":{"name":"(anonymous_0)","decl":{"start":{"line":18,"column":48},"end":{"line":18,"column":49}},"loc":{"start":{"line":26,"column":2},"end":{"line":45,"column":null}}},"1":{"name":"(anonymous_1)","decl":{"start":{"line":27,"column":13},"end":{"line":27,"column":16}},"loc":{"start":{"line":27,"column":18},"end":{"line":33,"column":5}}},"2":{"name":"(anonymous_2)","decl":{"start":{"line":49,"column":29},"end":{"line":49,"column":32}},"loc":{"start":{"line":50,"column":2},"end":{"line":62,"column":null}}},"3":{"name":"(anonymous_3)","decl":{"start":{"line":66,"column":29},"end":{"line":66,"column":32}},"loc":{"start":{"line":67,"column":2},"end":{"line":75,"column":null}}},"4":{"name":"(anonymous_4)","decl":{"start":{"line":79,"column":56},"end":{"line":79,"column":57}},"loc":{"start":{"line":80,"column":2},"end":{"line":97,"column":null}}},"5":{"name":"(anonymous_5)","decl":{"start":{"line":101,"column":42},"end":{"line":101,"column":43}},"loc":{"start":{"line":105,"column":5},"end":{"line":254,"column":1}}},"6":{"name":"(anonymous_6)","decl":{"start":{"line":120,"column":12},"end":{"line":120,"column":15}},"loc":{"start":{"line":120,"column":17},"end":{"line":124,"column":3}}},"7":{"name":"(anonymous_7)","decl":{"start":{"line":126,"column":21},"end":{"line":126,"column":22}},"loc":{"start":{"line":126,"column":66},"end":{"line":129,"column":3}}},"8":{"name":"(anonymous_8)","decl":{"start":{"line":131,"column":60},"end":{"line":131,"column":61}},"loc":{"start":{"line":131,"column":69},"end":{"line":148,"column":3}}},"9":{"name":"(anonymous_9)","decl":{"start":{"line":211,"column":39},"end":{"line":211,"column":40}},"loc":{"start":{"line":212,"column":18},"end":{"line":213,"column":null}}}},"branchMap":{"0":{"loc":{"start":{"line":28,"column":6},"end":{"line":32,"column":7}},"type":"if","locations":[{"start":{"line":28,"column":6},"end":{"line":32,"column":7}}]},"1":{"loc":{"start":{"line":28,"column":10},"end":{"line":28,"column":27}},"type":"binary-expr","locations":[{"start":{"line":28,"column":10},"end":{"line":28,"column":18}},{"start":{"line":28,"column":22},"end":{"line":28,"column":27}}]},"2":{"loc":{"start":{"line":30,"column":10},"end":{"line":30,"column":73}},"type":"cond-expr","locations":[{"start":{"line":30,"column":59},"end":{"line":30,"column":65}},{"start":{"line":30,"column":68},"end":{"line":30,"column":73}}]},"3":{"loc":{"start":{"line":30,"column":10},"end":{"line":30,"column":56}},"type":"binary-expr","locations":[{"start":{"line":30,"column":10},"end":{"line":30,"column":29}},{"start":{"line":30,"column":33},"end":{"line":30,"column":56}}]},"4":{"loc":{"start":{"line":35,"column":6},"end":{"line":35,"column":null}},"type":"cond-expr","locations":[{"start":{"line":35,"column":17},"end":{"line":35,"column":50}},{"start":{"line":35,"column":53},"end":{"line":35,"column":null}}]},"5":{"loc":{"start":{"line":40,"column":7},"end":{"line":43,"column":null}},"type":"binary-expr","locations":[{"start":{"line":40,"column":7},"end":{"line":40,"column":15}},{"start":{"line":40,"column":19},"end":{"line":40,"column":24}},{"start":{"line":40,"column":28},"end":{"line":40,"column":47}},{"start":{"line":41,"column":8},"end":{"line":42,"column":null}}]},"6":{"loc":{"start":{"line":42,"column":11},"end":{"line":42,"column":46}},"type":"cond-expr","locations":[{"start":{"line":42,"column":37},"end":{"line":42,"column":40}},{"start":{"line":42,"column":43},"end":{"line":42,"column":46}}]},"7":{"loc":{"start":{"line":102,"column":2},"end":{"line":102,"column":34}},"type":"default-arg","locations":[{"start":{"line":102,"column":29},"end":{"line":102,"column":34}}]},"8":{"loc":{"start":{"line":107,"column":10},"end":{"line":107,"column":27}},"type":"default-arg","locations":[{"start":{"line":107,"column":25},"end":{"line":107,"column":27}}]},"9":{"loc":{"start":{"line":121,"column":4},"end":{"line":123,"column":47}},"type":"if","locations":[{"start":{"line":121,"column":4},"end":{"line":123,"column":47}},{"start":{"line":123,"column":9},"end":{"line":123,"column":47}}]},"10":{"loc":{"start":{"line":132,"column":4},"end":{"line":136,"column":5}},"type":"if","locations":[{"start":{"line":132,"column":4},"end":{"line":136,"column":5}}]},"11":{"loc":{"start":{"line":133,"column":13},"end":{"line":135,"column":65}},"type":"cond-expr","locations":[{"start":{"line":134,"column":10},"end":{"line":134,"column":65}},{"start":{"line":135,"column":10},"end":{"line":135,"column":65}}]},"12":{"loc":{"start":{"line":137,"column":4},"end":{"line":141,"column":5}},"type":"if","locations":[{"start":{"line":137,"column":4},"end":{"line":141,"column":5}}]},"13":{"loc":{"start":{"line":138,"column":13},"end":{"line":140,"column":29}},"type":"cond-expr","locations":[{"start":{"line":139,"column":10},"end":{"line":139,"column":29}},{"start":{"line":140,"column":10},"end":{"line":140,"column":29}}]},"14":{"loc":{"start":{"line":142,"column":4},"end":{"line":146,"column":5}},"type":"if","locations":[{"start":{"line":142,"column":4},"end":{"line":146,"column":5}}]},"15":{"loc":{"start":{"line":143,"column":13},"end":{"line":145,"column":38}},"type":"cond-expr","locations":[{"start":{"line":144,"column":10},"end":{"line":144,"column":38}},{"start":{"line":145,"column":10},"end":{"line":145,"column":38}}]},"16":{"loc":{"start":{"line":198,"column":15},"end":{"line":246,"column":null}},"type":"cond-expr","locations":[{"start":{"line":199,"column":16},"end":{"line":199,"column":50}},{"start":{"line":200,"column":18},"end":{"line":246,"column":null}}]},"17":{"loc":{"start":{"line":200,"column":18},"end":{"line":246,"column":null}},"type":"cond-expr","locations":[{"start":{"line":201,"column":16},"end":{"line":206,"column":null}},{"start":{"line":208,"column":18},"end":{"line":246,"column":null}}]},"18":{"loc":{"start":{"line":200,"column":18},"end":{"line":200,"column":41}},"type":"binary-expr","locations":[{"start":{"line":200,"column":18},"end":{"line":200,"column":27}},{"start":{"line":200,"column":31},"end":{"line":200,"column":41}}]},"19":{"loc":{"start":{"line":208,"column":18},"end":{"line":246,"column":null}},"type":"cond-expr","locations":[{"start":{"line":209,"column":16},"end":{"line":209,"column":30}},{"start":{"line":211,"column":16},"end":{"line":246,"column":18}}]},"20":{"loc":{"start":{"line":225,"column":26},"end":{"line":227,"column":44}},"type":"cond-expr","locations":[{"start":{"line":226,"column":30},"end":{"line":226,"column":46}},{"start":{"line":227,"column":30},"end":{"line":227,"column":44}}]},"21":{"loc":{"start":{"line":230,"column":25},"end":{"line":230,"column":66}},"type":"cond-expr","locations":[{"start":{"line":230,"column":57},"end":{"line":230,"column":60}},{"start":{"line":230,"column":63},"end":{"line":230,"column":66}}]},"22":{"loc":{"start":{"line":237,"column":26},"end":{"line":239,"column":null}},"type":"cond-expr","locations":[{"start":{"line":238,"column":30},"end":{"line":238,"column":59}},{"start":{"line":239,"column":30},"end":{"line":239,"column":null}}]}},"s":{"0":1,"1":1,"2":1,"3":1,"4":1,"5":1,"6":1,"7":48,"8":2,"9":2,"10":2,"11":1,"12":0,"13":1,"14":2,"15":1,"16":2,"17":1,"18":12,"19":12,"20":12,"21":12,"22":12,"23":5,"24":0,"25":5,"26":12,"27":2,"28":2,"29":12,"30":5,"31":5,"32":0,"33":0,"34":0,"35":0,"36":0,"37":12,"38":10,"39":1},"f":{"0":48,"1":2,"2":0,"3":2,"4":2,"5":12,"6":5,"7":2,"8":5,"9":10},"b":{"0":[2],"1":[2,2],"2":[1,1],"3":[2,2],"4":[36,12],"5":[48,36,36,12],"6":[1,11],"7":[12],"8":[0],"9":[0,5],"10":[5],"11":[1,4],"12":[0],"13":[0,0],"14":[0],"15":[0,0],"16":[2,10],"17":[0,10],"18":[10,10],"19":[2,8],"20":[5,5],"21":[5,5],"22":[5,5]}}
,"C:\\Users\\user\\Desktop\\moved-folder-old\\personal-projects\\assessment\\simbrella-assessment\\fintech-frontend-assessment\\src\\components\\features\\user\\UserOverview.tsx": {"path":"C:\\Users\\user\\Desktop\\moved-folder-old\\personal-projects\\assessment\\simbrella-assessment\\fintech-frontend-assessment\\src\\components\\features\\user\\UserOverview.tsx","statementMap":{"0":{"start":{"line":2,"column":0},"end":{"line":2,"column":62}},"1":{"start":{"line":3,"column":0},"end":{"line":3,"column":64}},"2":{"start":{"line":4,"column":0},"end":{"line":4,"column":43}},"3":{"start":{"line":6,"column":38},"end":{"line":70,"column":1}},"4":{"start":{"line":13,"column":6},"end":{"line":13,"column":26}},"5":{"start":{"line":15,"column":2},"end":{"line":30,"column":3}},"6":{"start":{"line":16,"column":4},"end":{"line":29,"column":6}},"7":{"start":{"line":32,"column":2},"end":{"line":52,"column":3}},"8":{"start":{"line":33,"column":4},"end":{"line":51,"column":6}},"9":{"start":{"line":44,"column":27},"end":{"line":44,"column":36}},"10":{"start":{"line":54,"column":2},"end":{"line":69,"column":4}},"11":{"start":{"line":6,"column":13},"end":{"line":6,"column":38}}},"fnMap":{"0":{"name":"(anonymous_0)","decl":{"start":{"line":6,"column":38},"end":{"line":6,"column":41}},"loc":{"start":{"line":6,"column":43},"end":{"line":70,"column":1}}},"1":{"name":"(anonymous_1)","decl":{"start":{"line":44,"column":21},"end":{"line":44,"column":24}},"loc":{"start":{"line":44,"column":27},"end":{"line":44,"column":36}}}},"branchMap":{"0":{"loc":{"start":{"line":15,"column":2},"end":{"line":30,"column":3}},"type":"if","locations":[{"start":{"line":15,"column":2},"end":{"line":30,"column":3}}]},"1":{"loc":{"start":{"line":15,"column":6},"end":{"line":15,"column":29}},"type":"binary-expr","locations":[{"start":{"line":15,"column":6},"end":{"line":15,"column":15}},{"start":{"line":15,"column":19},"end":{"line":15,"column":29}}]},"2":{"loc":{"start":{"line":32,"column":2},"end":{"line":52,"column":3}},"type":"if","locations":[{"start":{"line":32,"column":2},"end":{"line":52,"column":3}}]}},"s":{"0":1,"1":1,"2":1,"3":1,"4":4,"5":4,"6":2,"7":2,"8":1,"9":1,"10":1,"11":1},"f":{"0":4,"1":1},"b":{"0":[2],"1":[4,3],"2":[1]}}
,"C:\\Users\\user\\Desktop\\moved-folder-old\\personal-projects\\assessment\\simbrella-assessment\\fintech-frontend-assessment\\src\\components\\layouts\\dashboard\\DashboardLayout.tsx": {"path":"C:\\Users\\user\\Desktop\\moved-folder-old\\personal-projects\\assessment\\simbrella-assessment\\fintech-frontend-assessment\\src\\components\\layouts\\dashboard\\DashboardLayout.tsx","statementMap":{"0":{"start":{"line":1,"column":0},"end":{"line":1,"column":33}},"1":{"start":{"line":3,"column":0},"end":{"line":3,"column":34}},"2":{"start":{"line":4,"column":0},"end":{"line":4,"column":32}},"3":{"start":{"line":5,"column":0},"end":{"line":5,"column":38}},"4":{"start":{"line":7,"column":31},"end":{"line":27,"column":1}},"5":{"start":{"line":8,"column":40},"end":{"line":8,"column":55}},"6":{"start":{"line":10,"column":2},"end":{"line":26,"column":4}},"7":{"start":{"line":15,"column":35},"end":{"line":15,"column":55}},"8":{"start":{"line":7,"column":13},"end":{"line":7,"column":31}}},"fnMap":{"0":{"name":"(anonymous_1)","decl":{"start":{"line":7,"column":31},"end":{"line":7,"column":34}},"loc":{"start":{"line":7,"column":36},"end":{"line":27,"column":1}}},"1":{"name":"(anonymous_2)","decl":{"start":{"line":15,"column":29},"end":{"line":15,"column":32}},"loc":{"start":{"line":15,"column":35},"end":{"line":15,"column":55}}}},"branchMap":{},"s":{"0":0,"1":0,"2":0,"3":0,"4":0,"5":0,"6":0,"7":0,"8":0},"f":{"0":0,"1":0},"b":{}}
,"C:\\Users\\user\\Desktop\\moved-folder-old\\personal-projects\\assessment\\simbrella-assessment\\fintech-frontend-assessment\\src\\components\\layouts\\dashboard\\Header.tsx": {"path":"C:\\Users\\user\\Desktop\\moved-folder-old\\personal-projects\\assessment\\simbrella-assessment\\fintech-frontend-assessment\\src\\components\\layouts\\dashboard\\Header.tsx","statementMap":{"0":{"start":{"line":4,"column":0},"end":{"line":4,"column":52}},"1":{"start":{"line":10,"column":45},"end":{"line":28,"column":1}},"2":{"start":{"line":11,"column":2},"end":{"line":27,"column":4}},"3":{"start":{"line":10,"column":13},"end":{"line":10,"column":45}}},"fnMap":{"0":{"name":"(anonymous_0)","decl":{"start":{"line":10,"column":45},"end":{"line":10,"column":46}},"loc":{"start":{"line":10,"column":65},"end":{"line":28,"column":1}}}},"branchMap":{},"s":{"0":0,"1":0,"2":0,"3":0},"f":{"0":0},"b":{}}
,"C:\\Users\\user\\Desktop\\moved-folder-old\\personal-projects\\assessment\\simbrella-assessment\\fintech-frontend-assessment\\src\\components\\layouts\\dashboard\\Sidebar.tsx": {"path":"C:\\Users\\user\\Desktop\\moved-folder-old\\personal-projects\\assessment\\simbrella-assessment\\fintech-frontend-assessment\\src\\components\\layouts\\dashboard\\Sidebar.tsx","statementMap":{"0":{"start":{"line":2,"column":0},"end":{"line":2,"column":53}},"1":{"start":{"line":3,"column":0},"end":{"line":3,"column":61}},"2":{"start":{"line":4,"column":0},"end":{"line":4,"column":48}},"3":{"start":{"line":11,"column":40},"end":{"line":89,"column":1}},"4":{"start":{"line":12,"column":19},"end":{"line":12,"column":32}},"5":{"start":{"line":14,"column":21},"end":{"line":22,"column":4}},"6":{"start":{"line":24,"column":24},"end":{"line":24,"column":53}},"7":{"start":{"line":24,"column":30},"end":{"line":24,"column":53}},"8":{"start":{"line":26,"column":29},"end":{"line":28,"column":3}},"9":{"start":{"line":27,"column":4},"end":{"line":27,"column":42}},"10":{"start":{"line":27,"column":25},"end":{"line":27,"column":42}},"11":{"start":{"line":30,"column":19},"end":{"line":30,"column":69}},"12":{"start":{"line":30,"column":37},"end":{"line":30,"column":69}},"13":{"start":{"line":32,"column":2},"end":{"line":88,"column":4}},"14":{"start":{"line":39,"column":23},"end":{"line":39,"column":39}},"15":{"start":{"line":54,"column":27},"end":{"line":54,"column":43}},"16":{"start":{"line":63,"column":27},"end":{"line":63,"column":46}},"17":{"start":{"line":64,"column":25},"end":{"line":64,"column":34}},"18":{"start":{"line":65,"column":12},"end":{"line":83,"column":14}},"19":{"start":{"line":91,"column":0},"end":{"line":91,"column":23}}},"fnMap":{"0":{"name":"(anonymous_0)","decl":{"start":{"line":11,"column":40},"end":{"line":11,"column":41}},"loc":{"start":{"line":11,"column":66},"end":{"line":89,"column":1}}},"1":{"name":"(anonymous_1)","decl":{"start":{"line":24,"column":24},"end":{"line":24,"column":27}},"loc":{"start":{"line":24,"column":30},"end":{"line":24,"column":53}}},"2":{"name":"(anonymous_2)","decl":{"start":{"line":26,"column":29},"end":{"line":26,"column":32}},"loc":{"start":{"line":26,"column":34},"end":{"line":28,"column":3}}},"3":{"name":"(anonymous_3)","decl":{"start":{"line":30,"column":19},"end":{"line":30,"column":20}},"loc":{"start":{"line":30,"column":37},"end":{"line":30,"column":69}}},"4":{"name":"(anonymous_4)","decl":{"start":{"line":39,"column":17},"end":{"line":39,"column":20}},"loc":{"start":{"line":39,"column":23},"end":{"line":39,"column":39}}},"5":{"name":"(anonymous_5)","decl":{"start":{"line":54,"column":21},"end":{"line":54,"column":24}},"loc":{"start":{"line":54,"column":27},"end":{"line":54,"column":43}}},"6":{"name":"(anonymous_6)","decl":{"start":{"line":62,"column":26},"end":{"line":62,"column":27}},"loc":{"start":{"line":62,"column":35},"end":{"line":84,"column":11}}}},"branchMap":{"0":{"loc":{"start":{"line":27,"column":4},"end":{"line":27,"column":42}},"type":"if","locations":[{"start":{"line":27,"column":4},"end":{"line":27,"column":42}}]},"1":{"loc":{"start":{"line":37,"column":10},"end":{"line":37,"column":null}},"type":"cond-expr","locations":[{"start":{"line":37,"column":19},"end":{"line":37,"column":37}},{"start":{"line":37,"column":40},"end":{"line":37,"column":null}}]},"2":{"loc":{"start":{"line":45,"column":10},"end":{"line":45,"column":null}},"type":"cond-expr","locations":[{"start":{"line":45,"column":19},"end":{"line":45,"column":34}},{"start":{"line":45,"column":37},"end":{"line":45,"column":null}}]},"3":{"loc":{"start":{"line":70,"column":18},"end":{"line":72,"column":null}},"type":"cond-expr","locations":[{"start":{"line":71,"column":22},"end":{"line":71,"column":49}},{"start":{"line":72,"column":22},"end":{"line":72,"column":null}}]},"4":{"loc":{"start":{"line":78,"column":20},"end":{"line":78,"column":null}},"type":"cond-expr","locations":[{"start":{"line":78,"column":29},"end":{"line":78,"column":44}},{"start":{"line":78,"column":47},"end":{"line":78,"column":null}}]}},"s":{"0":0,"1":0,"2":0,"3":0,"4":0,"5":0,"6":0,"7":0,"8":0,"9":0,"10":0,"11":0,"12":0,"13":0,"14":0,"15":0,"16":0,"17":0,"18":0,"19":0},"f":{"0":0,"1":0,"2":0,"3":0,"4":0,"5":0,"6":0},"b":{"0":[0],"1":[0,0],"2":[0,0],"3":[0,0],"4":[0,0]}}
,"C:\\Users\\user\\Desktop\\moved-folder-old\\personal-projects\\assessment\\simbrella-assessment\\fintech-frontend-assessment\\src\\lib\\constants.ts": {"path":"C:\\Users\\user\\Desktop\\moved-folder-old\\personal-projects\\assessment\\simbrella-assessment\\fintech-frontend-assessment\\src\\lib\\constants.ts","statementMap":{"0":{"start":{"line":1,"column":13},"end":{"line":8,"column":11}},"1":{"start":{"line":10,"column":13},"end":{"line":15,"column":11}}},"fnMap":{},"branchMap":{},"s":{"0":2,"1":2},"f":{},"b":{}}
,"C:\\Users\\user\\Desktop\\moved-folder-old\\personal-projects\\assessment\\simbrella-assessment\\fintech-frontend-assessment\\src\\lib\\utils.ts": {"path":"C:\\Users\\user\\Desktop\\moved-folder-old\\personal-projects\\assessment\\simbrella-assessment\\fintech-frontend-assessment\\src\\lib\\utils.ts","statementMap":{"0":{"start":{"line":1,"column":34},"end":{"line":30,"column":1}},"1":{"start":{"line":2,"column":14},"end":{"line":2,"column":24}},"2":{"start":{"line":3,"column":15},"end":{"line":3,"column":34}},"3":{"start":{"line":4,"column":24},"end":{"line":4,"column":75}},"4":{"start":{"line":6,"column":2},"end":{"line":8,"column":3}},"5":{"start":{"line":7,"column":4},"end":{"line":7,"column":75}},"6":{"start":{"line":10,"column":24},"end":{"line":10,"column":54}},"7":{"start":{"line":11,"column":2},"end":{"line":13,"column":3}},"8":{"start":{"line":12,"column":4},"end":{"line":12,"column":75}},"9":{"start":{"line":15,"column":22},"end":{"line":15,"column":52}},"10":{"start":{"line":16,"column":2},"end":{"line":18,"column":3}},"11":{"start":{"line":17,"column":4},"end":{"line":17,"column":73}},"12":{"start":{"line":20,"column":21},"end":{"line":20,"column":49}},"13":{"start":{"line":21,"column":2},"end":{"line":23,"column":3}},"14":{"start":{"line":22,"column":4},"end":{"line":22,"column":69}},"15":{"start":{"line":25,"column":2},"end":{"line":29,"column":18}},"16":{"start":{"line":1,"column":13},"end":{"line":1,"column":34}},"17":{"start":{"line":32,"column":35},"end":{"line":37,"column":1}},"18":{"start":{"line":33,"column":2},"end":{"line":36,"column":20}},"19":{"start":{"line":32,"column":13},"end":{"line":32,"column":35}}},"fnMap":{"0":{"name":"(anonymous_0)","decl":{"start":{"line":1,"column":34},"end":{"line":1,"column":35}},"loc":{"start":{"line":1,"column":64},"end":{"line":30,"column":1}}},"1":{"name":"(anonymous_1)","decl":{"start":{"line":32,"column":35},"end":{"line":32,"column":36}},"loc":{"start":{"line":32,"column":62},"end":{"line":37,"column":1}}}},"branchMap":{"0":{"loc":{"start":{"line":6,"column":2},"end":{"line":8,"column":3}},"type":"if","locations":[{"start":{"line":6,"column":2},"end":{"line":8,"column":3}}]},"1":{"loc":{"start":{"line":7,"column":11},"end":{"line":7,"column":74}},"type":"cond-expr","locations":[{"start":{"line":7,"column":33},"end":{"line":7,"column":44}},{"start":{"line":7,"column":47},"end":{"line":7,"column":74}}]},"2":{"loc":{"start":{"line":11,"column":2},"end":{"line":13,"column":3}},"type":"if","locations":[{"start":{"line":11,"column":2},"end":{"line":13,"column":3}}]},"3":{"loc":{"start":{"line":12,"column":11},"end":{"line":12,"column":74}},"type":"cond-expr","locations":[{"start":{"line":12,"column":33},"end":{"line":12,"column":44}},{"start":{"line":12,"column":47},"end":{"line":12,"column":74}}]},"4":{"loc":{"start":{"line":16,"column":2},"end":{"line":18,"column":3}},"type":"if","locations":[{"start":{"line":16,"column":2},"end":{"line":18,"column":3}}]},"5":{"loc":{"start":{"line":17,"column":11},"end":{"line":17,"column":72}},"type":"cond-expr","locations":[{"start":{"line":17,"column":31},"end":{"line":17,"column":43}},{"start":{"line":17,"column":46},"end":{"line":17,"column":72}}]},"6":{"loc":{"start":{"line":21,"column":2},"end":{"line":23,"column":3}},"type":"if","locations":[{"start":{"line":21,"column":2},"end":{"line":23,"column":3}}]},"7":{"loc":{"start":{"line":22,"column":11},"end":{"line":22,"column":68}},"type":"cond-expr","locations":[{"start":{"line":22,"column":30},"end":{"line":22,"column":41}},{"start":{"line":22,"column":44},"end":{"line":22,"column":68}}]}},"s":{"0":2,"1":0,"2":0,"3":0,"4":0,"5":0,"6":0,"7":0,"8":0,"9":0,"10":0,"11":0,"12":0,"13":0,"14":0,"15":0,"16":2,"17":2,"18":9,"19":2},"f":{"0":0,"1":9},"b":{"0":[0],"1":[0,0],"2":[0],"3":[0,0],"4":[0],"5":[0,0],"6":[0],"7":[0,0]}}
,"C:\\Users\\user\\Desktop\\moved-folder-old\\personal-projects\\assessment\\simbrella-assessment\\fintech-frontend-assessment\\src\\pages\\NotFound.tsx": {"path":"C:\\Users\\user\\Desktop\\moved-folder-old\\personal-projects\\assessment\\simbrella-assessment\\fintech-frontend-assessment\\src\\pages\\NotFound.tsx","statementMap":{"0":{"start":{"line":1,"column":0},"end":{"line":1,"column":47}},"1":{"start":{"line":3,"column":17},"end":{"line":31,"column":1}},"2":{"start":{"line":4,"column":19},"end":{"line":4,"column":32}},"3":{"start":{"line":6,"column":30},"end":{"line":8,"column":3}},"4":{"start":{"line":7,"column":4},"end":{"line":7,"column":27}},"5":{"start":{"line":10,"column":2},"end":{"line":30,"column":4}},"6":{"start":{"line":33,"column":0},"end":{"line":33,"column":24}}},"fnMap":{"0":{"name":"(anonymous_0)","decl":{"start":{"line":3,"column":17},"end":{"line":3,"column":20}},"loc":{"start":{"line":3,"column":22},"end":{"line":31,"column":1}}},"1":{"name":"(anonymous_1)","decl":{"start":{"line":6,"column":30},"end":{"line":6,"column":33}},"loc":{"start":{"line":6,"column":35},"end":{"line":8,"column":3}}}},"branchMap":{},"s":{"0":0,"1":0,"2":0,"3":0,"4":0,"5":0,"6":0},"f":{"0":0,"1":0},"b":{}}
,"C:\\Users\\user\\Desktop\\moved-folder-old\\personal-projects\\assessment\\simbrella-assessment\\fintech-frontend-assessment\\src\\pages\\index.tsx": {"path":"C:\\Users\\user\\Desktop\\moved-folder-old\\personal-projects\\assessment\\simbrella-assessment\\fintech-frontend-assessment\\src\\pages\\index.tsx","statementMap":{"0":{"start":{"line":1,"column":0},"end":{"line":1,"column":44}},"1":{"start":{"line":2,"column":0},"end":{"line":2,"column":47}},"2":{"start":{"line":3,"column":0},"end":{"line":3,"column":42}},"3":{"start":{"line":5,"column":16},"end":{"line":30,"column":1}},"4":{"start":{"line":6,"column":32},"end":{"line":6,"column":46}},"5":{"start":{"line":7,"column":19},"end":{"line":7,"column":32}},"6":{"start":{"line":8,"column":20},"end":{"line":8,"column":41}},"7":{"start":{"line":9,"column":16},"end":{"line":9,"column":20}},"8":{"start":{"line":11,"column":2},"end":{"line":19,"column":25}},"9":{"start":{"line":12,"column":20},"end":{"line":15,"column":13}},"10":{"start":{"line":13,"column":6},"end":{"line":13,"column":24}},"11":{"start":{"line":14,"column":6},"end":{"line":14,"column":26}},"12":{"start":{"line":17,"column":4},"end":{"line":17,"column":39}},"13":{"start":{"line":17,"column":17},"end":{"line":17,"column":38}},"14":{"start":{"line":21,"column":2},"end":{"line":29,"column":4}},"15":{"start":{"line":32,"column":0},"end":{"line":32,"column":23}}},"fnMap":{"0":{"name":"(anonymous_0)","decl":{"start":{"line":5,"column":16},"end":{"line":5,"column":19}},"loc":{"start":{"line":5,"column":21},"end":{"line":30,"column":1}}},"1":{"name":"(anonymous_1)","decl":{"start":{"line":11,"column":12},"end":{"line":11,"column":15}},"loc":{"start":{"line":11,"column":17},"end":{"line":19,"column":3}}},"2":{"name":"(anonymous_2)","decl":{"start":{"line":12,"column":31},"end":{"line":12,"column":34}},"loc":{"start":{"line":12,"column":36},"end":{"line":15,"column":5}}},"3":{"name":"(anonymous_3)","decl":{"start":{"line":17,"column":11},"end":{"line":17,"column":14}},"loc":{"start":{"line":17,"column":17},"end":{"line":17,"column":38}}}},"branchMap":{"0":{"loc":{"start":{"line":23,"column":7},"end":{"line":27,"column":14}},"type":"cond-expr","locations":[{"start":{"line":24,"column":8},"end":{"line":25,"column":null}},{"start":{"line":27,"column":10},"end":{"line":27,"column":14}}]}},"s":{"0":0,"1":0,"2":0,"3":0,"4":0,"5":0,"6":0,"7":0,"8":0,"9":0,"10":0,"11":0,"12":0,"13":0,"14":0,"15":0},"f":{"0":0,"1":0,"2":0,"3":0},"b":{"0":[0,0]}}
,"C:\\Users\\user\\Desktop\\moved-folder-old\\personal-projects\\assessment\\simbrella-assessment\\fintech-frontend-assessment\\src\\pages\\dashboard\\Dashboard.tsx": {"path":"C:\\Users\\user\\Desktop\\moved-folder-old\\personal-projects\\assessment\\simbrella-assessment\\fintech-frontend-assessment\\src\\pages\\dashboard\\Dashboard.tsx","statementMap":{"0":{"start":{"line":4,"column":0},"end":{"line":4,"column":24}},"1":{"start":{"line":1,"column":0},"end":{"line":1,"column":75}},"2":{"start":{"line":2,"column":0},"end":{"line":2,"column":91}},"3":{"start":{"line":5,"column":2},"end":{"line":21,"column":4}}},"fnMap":{"0":{"name":"Dashboard","decl":{"start":{"line":4,"column":24},"end":{"line":4,"column":33}},"loc":{"start":{"line":4,"column":33},"end":{"line":22,"column":1}}}},"branchMap":{},"s":{"0":0,"1":0,"2":0,"3":0},"f":{"0":0},"b":{}}
,"C:\\Users\\user\\Desktop\\moved-folder-old\\personal-projects\\assessment\\simbrella-assessment\\fintech-frontend-assessment\\src\\pages\\dashboard\\Loans.tsx": {"path":"C:\\Users\\user\\Desktop\\moved-folder-old\\personal-projects\\assessment\\simbrella-assessment\\fintech-frontend-assessment\\src\\pages\\dashboard\\Loans.tsx","statementMap":{"0":{"start":{"line":1,"column":0},"end":{"line":1,"column":78}},"1":{"start":{"line":2,"column":0},"end":{"line":2,"column":74}},"2":{"start":{"line":3,"column":0},"end":{"line":3,"column":74}},"3":{"start":{"line":5,"column":14},"end":{"line":48,"column":1}},"4":{"start":{"line":6,"column":2},"end":{"line":47,"column":4}},"5":{"start":{"line":50,"column":0},"end":{"line":50,"column":21}}},"fnMap":{"0":{"name":"(anonymous_1)","decl":{"start":{"line":5,"column":14},"end":{"line":5,"column":17}},"loc":{"start":{"line":5,"column":19},"end":{"line":48,"column":1}}}},"branchMap":{},"s":{"0":0,"1":0,"2":0,"3":0,"4":0,"5":0},"f":{"0":0},"b":{}}
,"C:\\Users\\user\\Desktop\\moved-folder-old\\personal-projects\\assessment\\simbrella-assessment\\fintech-frontend-assessment\\src\\pages\\dashboard\\Transactions.tsx": {"path":"C:\\Users\\user\\Desktop\\moved-folder-old\\personal-projects\\assessment\\simbrella-assessment\\fintech-frontend-assessment\\src\\pages\\dashboard\\Transactions.tsx","statementMap":{"0":{"start":{"line":1,"column":0},"end":{"line":1,"column":91}},"1":{"start":{"line":2,"column":0},"end":{"line":2,"column":91}},"2":{"start":{"line":4,"column":21},"end":{"line":22,"column":1}},"3":{"start":{"line":5,"column":2},"end":{"line":21,"column":4}},"4":{"start":{"line":24,"column":0},"end":{"line":24,"column":28}}},"fnMap":{"0":{"name":"(anonymous_0)","decl":{"start":{"line":4,"column":21},"end":{"line":4,"column":24}},"loc":{"start":{"line":4,"column":26},"end":{"line":22,"column":1}}}},"branchMap":{},"s":{"0":0,"1":0,"2":0,"3":0,"4":0},"f":{"0":0},"b":{}}
,"C:\\Users\\user\\Desktop\\moved-folder-old\\personal-projects\\assessment\\simbrella-assessment\\fintech-frontend-assessment\\src\\providers\\store.provider.tsx": {"path":"C:\\Users\\user\\Desktop\\moved-folder-old\\personal-projects\\assessment\\simbrella-assessment\\fintech-frontend-assessment\\src\\providers\\store.provider.tsx","statementMap":{"0":{"start":{"line":3,"column":0},"end":{"line":3,"column":39}},"1":{"start":{"line":4,"column":0},"end":{"line":4,"column":39}},"2":{"start":{"line":6,"column":22},"end":{"line":8,"column":1}},"3":{"start":{"line":7,"column":2},"end":{"line":7,"column":55}},"4":{"start":{"line":10,"column":0},"end":{"line":10,"column":29}}},"fnMap":{"0":{"name":"(anonymous_0)","decl":{"start":{"line":6,"column":22},"end":{"line":6,"column":23}},"loc":{"start":{"line":6,"column":70},"end":{"line":8,"column":1}}}},"branchMap":{},"s":{"0":0,"1":0,"2":0,"3":0,"4":0},"f":{"0":0},"b":{}}
,"C:\\Users\\user\\Desktop\\moved-folder-old\\personal-projects\\assessment\\simbrella-assessment\\fintech-frontend-assessment\\src\\redux\\store.ts": {"path":"C:\\Users\\user\\Desktop\\moved-folder-old\\personal-projects\\assessment\\simbrella-assessment\\fintech-frontend-assessment\\src\\redux\\store.ts","statementMap":{"0":{"start":{"line":1,"column":0},"end":{"line":1,"column":50}},"1":{"start":{"line":2,"column":0},"end":{"line":2,"column":37}},"2":{"start":{"line":4,"column":13},"end":{"line":10,"column":3}},"3":{"start":{"line":9,"column":4},"end":{"line":9,"column":49}}},"fnMap":{"0":{"name":"(anonymous_0)","decl":{"start":{"line":8,"column":14},"end":{"line":8,"column":15}},"loc":{"start":{"line":9,"column":4},"end":{"line":9,"column":49}}}},"branchMap":{},"s":{"0":0,"1":0,"2":0,"3":0},"f":{"0":0},"b":{}}
,"C:\\Users\\user\\Desktop\\moved-folder-old\\personal-projects\\assessment\\simbrella-assessment\\fintech-frontend-assessment\\src\\redux\\api\\apiSlice.ts": {"path":"C:\\Users\\user\\Desktop\\moved-folder-old\\personal-projects\\assessment\\simbrella-assessment\\fintech-frontend-assessment\\src\\redux\\api\\apiSlice.ts","statementMap":{"0":{"start":{"line":1,"column":0},"end":{"line":1,"column":73}},"1":{"start":{"line":9,"column":0},"end":{"line":9,"column":47}},"2":{"start":{"line":11,"column":13},"end":{"line":66,"column":3}},"3":{"start":{"line":18,"column":27},"end":{"line":65,"column":4}},"4":{"start":{"line":20,"column":21},"end":{"line":20,"column":35}},"5":{"start":{"line":25,"column":19},"end":{"line":25,"column":34}},"6":{"start":{"line":30,"column":19},"end":{"line":30,"column":27}},"7":{"start":{"line":34,"column":19},"end":{"line":34,"column":33}},"8":{"start":{"line":39,"column":19},"end":{"line":39,"column":38}},"9":{"start":{"line":47,"column":28},"end":{"line":51,"column":8}},"10":{"start":{"line":53,"column":8},"end":{"line":62,"column":9}},"11":{"start":{"line":54,"column":36},"end":{"line":54,"column":56}},"12":{"start":{"line":55,"column":10},"end":{"line":59,"column":12}},"13":{"start":{"line":57,"column":14},"end":{"line":57,"column":37}},"14":{"start":{"line":69,"column":2},"end":{"line":75,"column":8}}},"fnMap":{"0":{"name":"(anonymous_0)","decl":{"start":{"line":18,"column":13},"end":{"line":18,"column":14}},"loc":{"start":{"line":18,"column":27},"end":{"line":65,"column":4}}},"1":{"name":"(anonymous_1)","decl":{"start":{"line":20,"column":13},"end":{"line":20,"column":14}},"loc":{"start":{"line":20,"column":21},"end":{"line":20,"column":35}}},"2":{"name":"(anonymous_2)","decl":{"start":{"line":25,"column":13},"end":{"line":25,"column":16}},"loc":{"start":{"line":25,"column":19},"end":{"line":25,"column":34}}},"3":{"name":"(anonymous_3)","decl":{"start":{"line":30,"column":13},"end":{"line":30,"column":16}},"loc":{"start":{"line":30,"column":19},"end":{"line":30,"column":27}}},"4":{"name":"(anonymous_4)","decl":{"start":{"line":34,"column":13},"end":{"line":34,"column":16}},"loc":{"start":{"line":34,"column":19},"end":{"line":34,"column":33}}},"5":{"name":"(anonymous_5)","decl":{"start":{"line":39,"column":13},"end":{"line":39,"column":16}},"loc":{"start":{"line":39,"column":19},"end":{"line":39,"column":38}}},"6":{"name":"(anonymous_6)","decl":{"start":{"line":47,"column":13},"end":{"line":47,"column":14}},"loc":{"start":{"line":47,"column":28},"end":{"line":51,"column":8}}},"7":{"name":"(anonymous_7)","decl":{"start":{"line":52,"column":6},"end":{"line":52,"column":11}},"loc":{"start":{"line":52,"column":58},"end":{"line":63,"column":7}}},"8":{"name":"(anonymous_8)","decl":{"start":{"line":56,"column":66},"end":{"line":56,"column":67}},"loc":{"start":{"line":56,"column":76},"end":{"line":58,"column":13}}}},"branchMap":{},"s":{"0":2,"1":2,"2":2,"3":2,"4":0,"5":0,"6":0,"7":0,"8":0,"9":0,"10":0,"11":0,"12":0,"13":0,"14":2},"f":{"0":2,"1":0,"2":0,"3":0,"4":0,"5":0,"6":0,"7":0,"8":0},"b":{}}
,"C:\\Users\\user\\Desktop\\moved-folder-old\\personal-projects\\assessment\\simbrella-assessment\\fintech-frontend-assessment\\src\\routes\\index.tsx": {"path":"C:\\Users\\user\\Desktop\\moved-folder-old\\personal-projects\\assessment\\simbrella-assessment\\fintech-frontend-assessment\\src\\routes\\index.tsx","statementMap":{"0":{"start":{"line":1,"column":0},"end":{"line":1,"column":55}},"1":{"start":{"line":2,"column":0},"end":{"line":2,"column":53}},"2":{"start":{"line":3,"column":0},"end":{"line":3,"column":31}},"3":{"start":{"line":4,"column":0},"end":{"line":4,"column":42}},"4":{"start":{"line":5,"column":0},"end":{"line":5,"column":59}},"5":{"start":{"line":6,"column":0},"end":{"line":6,"column":45}},"6":{"start":{"line":7,"column":0},"end":{"line":7,"column":82}},"7":{"start":{"line":8,"column":0},"end":{"line":8,"column":41}},"8":{"start":{"line":10,"column":13},"end":{"line":30,"column":3}}},"fnMap":{},"branchMap":{},"s":{"0":0,"1":0,"2":0,"3":0,"4":0,"5":0,"6":0,"7":0,"8":0},"f":{},"b":{}}
}
