TN:
SF:src\App.tsx
FN:6,App
FNF:1
FNH:0
FNDA:0,App
DA:1,0
DA:2,0
DA:3,0
DA:4,0
DA:7,0
DA:15,0
LF:6
LH:0
BRF:0
BRH:0
end_of_record
TN:
SF:src\__tests__\test-utils.tsx
FN:18,setupStore
FN:21,(anonymous_5)
FN:36,renderWithProviders
FN:45,Wrapper
FNF:4
FNH:0
FNDA:0,setupStore
FNDA:0,(anonymous_5)
FNDA:0,renderWithProviders
FNDA:0,Wrapper
DA:2,0
DA:4,0
DA:5,0
DA:10,0
DA:12,0
DA:18,0
DA:19,0
DA:23,0
DA:36,0
DA:46,0
DA:49,0
DA:53,0
LF:12
LH:0
BRDA:38,0,0,0
BRDA:39,1,0,0
BRDA:40,2,0,0
BRF:3
BRH:0
end_of_record
TN:
SF:src\components\LoadingShimmerBlock.tsx
FN:1,(anonymous_0)
FNF:1
FNH:1
FNDA:34,(anonymous_0)
DA:1,4
DA:2,34
LF:2
LH:2
BRF:0
BRH:0
end_of_record
TN:
SF:src\components\features\loans\ActiveLoans.tsx
FN:7,(anonymous_0)
FN:16,(anonymous_1)
FN:30,(anonymous_2)
FN:69,(anonymous_3)
FN:101,(anonymous_4)
FN:113,(anonymous_5)
FNF:6
FNH:6
FNDA:5,(anonymous_0)
FNDA:2,(anonymous_1)
FNDA:2,(anonymous_2)
FNDA:1,(anonymous_3)
FNDA:1,(anonymous_4)
FNDA:2,(anonymous_5)
DA:1,1
DA:2,1
DA:3,1
DA:4,1
DA:5,1
DA:7,1
DA:14,5
DA:16,5
DA:17,2
DA:22,2
DA:25,5
DA:26,1
DA:31,2
DA:54,4
DA:55,1
DA:69,1
DA:80,3
DA:81,1
DA:96,2
DA:101,1
DA:114,2
LF:21
LH:21
BRDA:9,0,0,0
BRDA:22,1,0,2
BRDA:22,1,1,0
BRDA:25,2,0,1
BRDA:25,3,0,5
BRDA:25,3,1,4
BRDA:54,4,0,1
BRDA:80,5,0,1
BRDA:105,6,0,0
BRDA:105,6,1,2
BRDA:168,7,0,2
BRDA:168,7,1,1
BRF:12
BRH:9
end_of_record
TN:
SF:src\components\features\loans\LoanHistory.tsx
FN:6,(anonymous_0)
FN:27,(anonymous_1)
FN:42,(anonymous_2)
FN:79,(anonymous_3)
FNF:4
FNH:4
FNDA:4,(anonymous_0)
FNDA:1,(anonymous_1)
FNDA:3,(anonymous_2)
FNDA:2,(anonymous_3)
DA:1,1
DA:2,1
DA:3,1
DA:4,1
DA:6,1
DA:13,4
DA:15,4
DA:16,1
DA:27,1
DA:37,3
DA:38,1
DA:43,3
DA:61,2
DA:62,1
DA:75,1
DA:80,2
DA:112,1
LF:17
LH:17
BRDA:8,0,0,0
BRDA:15,1,0,1
BRDA:37,2,0,1
BRDA:37,3,0,3
BRDA:37,3,1,2
BRDA:61,4,0,1
BRDA:91,5,0,1
BRDA:91,5,1,1
BRDA:93,6,0,1
BRDA:93,6,1,0
BRF:10
BRH:8
end_of_record
TN:
SF:src\components\features\loans\LoanRequestForm.tsx
FN:13,(anonymous_0)
FN:14,(anonymous_1)
FN:17,(anonymous_2)
FN:20,(anonymous_3)
FN:27,(anonymous_4)
FN:28,(anonymous_5)
FN:31,(anonymous_6)
FN:34,(anonymous_7)
FN:46,(anonymous_8)
FN:51,(anonymous_9)
FN:64,(anonymous_10)
FN:84,(anonymous_11)
FNF:12
FNH:0
FNDA:0,(anonymous_0)
FNDA:0,(anonymous_1)
FNDA:0,(anonymous_2)
FNDA:0,(anonymous_3)
FNDA:0,(anonymous_4)
FNDA:0,(anonymous_5)
FNDA:0,(anonymous_6)
FNDA:0,(anonymous_7)
FNDA:0,(anonymous_8)
FNDA:0,(anonymous_9)
FNDA:0,(anonymous_10)
FNDA:0,(anonymous_11)
DA:1,0
DA:2,0
DA:3,0
DA:4,0
DA:5,0
DA:6,0
DA:9,0
DA:13,0
DA:14,0
DA:17,0
DA:20,0
DA:27,0
DA:28,0
DA:31,0
DA:34,0
DA:46,0
DA:51,0
DA:52,0
DA:59,0
DA:64,0
DA:65,0
DA:66,0
DA:76,0
DA:77,0
DA:78,0
DA:80,0
DA:84,0
DA:85,0
DA:86,0
DA:87,0
DA:93,0
DA:186,0
LF:32
LH:0
BRDA:85,0,0,0
BRDA:88,1,0,0
BRDA:88,1,1,0
BRDA:88,1,2,0
BRDA:116,2,0,0
BRDA:116,2,1,0
BRDA:121,3,0,0
BRDA:121,3,1,0
BRDA:139,4,0,0
BRDA:139,4,1,0
BRDA:144,5,0,0
BRDA:144,5,1,0
BRDA:161,6,0,0
BRDA:161,6,1,0
BRDA:167,7,0,0
BRDA:167,7,1,0
BRDA:179,8,0,0
BRDA:179,8,1,0
BRF:18
BRH:0
end_of_record
TN:
SF:src\components\features\transactions\TransactionControls.tsx
FN:20,(anonymous_0)
FN:31,(anonymous_1)
FN:32,(anonymous_2)
FN:39,(anonymous_3)
FN:43,(anonymous_4)
FN:50,(anonymous_5)
FNF:6
FNH:5
FNDA:26,(anonymous_0)
FNDA:16,(anonymous_1)
FNDA:39,(anonymous_2)
FNDA:3,(anonymous_3)
FNDA:3,(anonymous_4)
FNDA:0,(anonymous_5)
DA:1,2
DA:20,2
DA:25,26
DA:28,26
DA:29,26
DA:31,26
DA:32,16
DA:33,39
DA:34,9
DA:36,16
DA:39,26
DA:40,3
DA:43,26
DA:44,3
DA:45,3
DA:46,3
DA:47,3
DA:50,26
DA:51,0
DA:52,0
DA:53,0
DA:56,26
LF:22
LH:19
BRDA:33,0,0,30
BRDA:51,1,0,0
BRDA:51,1,1,0
BRDA:98,2,0,26
BRDA:98,2,1,0
BRDA:101,3,0,26
BRDA:101,3,1,0
BRF:7
BRH:3
end_of_record
TN:
SF:src\components\features\transactions\TransactionStats.tsx
FN:11,(anonymous_0)
FN:29,(anonymous_1)
FN:49,(anonymous_2)
FNF:3
FNH:3
FNDA:9,(anonymous_0)
FNDA:4,(anonymous_1)
FNDA:1,(anonymous_2)
DA:2,2
DA:3,2
DA:4,2
DA:11,2
DA:12,9
DA:29,2
DA:35,4
DA:37,4
DA:38,1
DA:49,1
DA:59,3
LF:11
LH:11
BRDA:13,0,0,6
BRDA:13,0,1,3
BRDA:37,1,0,1
BRDA:63,2,0,3
BRDA:63,2,1,2
BRDA:69,3,0,3
BRDA:69,3,1,2
BRDA:75,4,0,3
BRDA:75,4,1,2
BRF:9
BRH:9
end_of_record
TN:
SF:src\components\features\transactions\TransactionTable.tsx
FN:18,(anonymous_0)
FN:27,(anonymous_1)
FN:49,(anonymous_2)
FN:66,(anonymous_3)
FN:79,(anonymous_4)
FN:101,(anonymous_5)
FN:120,(anonymous_6)
FN:126,(anonymous_7)
FN:131,(anonymous_8)
FN:211,(anonymous_9)
FNF:10
FNH:9
FNDA:48,(anonymous_0)
FNDA:2,(anonymous_1)
FNDA:0,(anonymous_2)
FNDA:2,(anonymous_3)
FNDA:2,(anonymous_4)
FNDA:12,(anonymous_5)
FNDA:5,(anonymous_6)
FNDA:2,(anonymous_7)
FNDA:5,(anonymous_8)
FNDA:10,(anonymous_9)
DA:1,1
DA:2,1
DA:4,1
DA:5,1
DA:6,1
DA:7,1
DA:18,1
DA:26,48
DA:28,2
DA:30,2
DA:31,2
DA:49,1
DA:50,0
DA:66,1
DA:67,2
DA:79,1
DA:80,2
DA:101,1
DA:112,12
DA:114,12
DA:117,12
DA:118,12
DA:120,12
DA:121,5
DA:122,0
DA:123,5
DA:126,12
DA:127,2
DA:128,2
DA:131,12
DA:132,5
DA:133,5
DA:137,0
DA:138,0
DA:142,0
DA:143,0
DA:147,0
DA:150,12
DA:212,10
LF:39
LH:32
BRDA:28,0,0,2
BRDA:28,1,0,2
BRDA:28,1,1,2
BRDA:30,2,0,1
BRDA:30,2,1,1
BRDA:30,3,0,2
BRDA:30,3,1,2
BRDA:35,4,0,36
BRDA:35,4,1,12
BRDA:40,5,0,48
BRDA:40,5,1,36
BRDA:40,5,2,36
BRDA:40,5,3,12
BRDA:42,6,0,1
BRDA:42,6,1,11
BRDA:102,7,0,12
BRDA:107,8,0,0
BRDA:121,9,0,0
BRDA:121,9,1,5
BRDA:132,10,0,5
BRDA:133,11,0,1
BRDA:133,11,1,4
BRDA:137,12,0,0
BRDA:138,13,0,0
BRDA:138,13,1,0
BRDA:142,14,0,0
BRDA:143,15,0,0
BRDA:143,15,1,0
BRDA:198,16,0,2
BRDA:198,16,1,10
BRDA:200,17,0,0
BRDA:200,17,1,10
BRDA:200,18,0,10
BRDA:200,18,1,10
BRDA:208,19,0,2
BRDA:208,19,1,8
BRDA:225,20,0,5
BRDA:225,20,1,5
BRDA:230,21,0,5
BRDA:230,21,1,5
BRDA:237,22,0,5
BRDA:237,22,1,5
BRF:42
BRH:33
end_of_record
TN:
SF:src\components\features\user\UserOverview.tsx
FN:6,(anonymous_0)
FN:44,(anonymous_1)
FNF:2
FNH:2
FNDA:4,(anonymous_0)
FNDA:1,(anonymous_1)
DA:2,1
DA:3,1
DA:4,1
DA:6,1
DA:13,4
DA:15,4
DA:16,2
DA:32,2
DA:33,1
DA:44,1
DA:54,1
LF:11
LH:11
BRDA:15,0,0,2
BRDA:15,1,0,4
BRDA:15,1,1,3
BRDA:32,2,0,1
BRF:4
BRH:4
end_of_record
TN:
SF:src\components\layouts\dashboard\DashboardLayout.tsx
FN:7,(anonymous_1)
FN:15,(anonymous_2)
FNF:2
FNH:0
FNDA:0,(anonymous_1)
FNDA:0,(anonymous_2)
DA:1,0
DA:3,0
DA:4,0
DA:5,0
DA:7,0
DA:8,0
DA:10,0
DA:15,0
LF:8
LH:0
BRF:0
BRH:0
end_of_record
TN:
SF:src\components\layouts\dashboard\Header.tsx
FN:10,(anonymous_0)
FNF:1
FNH:0
FNDA:0,(anonymous_0)
DA:4,0
DA:10,0
DA:11,0
LF:3
LH:0
BRF:0
BRH:0
end_of_record
TN:
SF:src\components\layouts\dashboard\Sidebar.tsx
FN:11,(anonymous_0)
FN:24,(anonymous_1)
FN:26,(anonymous_2)
FN:30,(anonymous_3)
FN:39,(anonymous_4)
FN:54,(anonymous_5)
FN:62,(anonymous_6)
FNF:7
FNH:0
FNDA:0,(anonymous_0)
FNDA:0,(anonymous_1)
FNDA:0,(anonymous_2)
FNDA:0,(anonymous_3)
FNDA:0,(anonymous_4)
FNDA:0,(anonymous_5)
FNDA:0,(anonymous_6)
DA:2,0
DA:3,0
DA:4,0
DA:11,0
DA:12,0
DA:14,0
DA:24,0
DA:26,0
DA:27,0
DA:30,0
DA:32,0
DA:39,0
DA:54,0
DA:63,0
DA:64,0
DA:65,0
DA:91,0
LF:17
LH:0
BRDA:27,0,0,0
BRDA:37,1,0,0
BRDA:37,1,1,0
BRDA:45,2,0,0
BRDA:45,2,1,0
BRDA:70,3,0,0
BRDA:70,3,1,0
BRDA:78,4,0,0
BRDA:78,4,1,0
BRF:9
BRH:0
end_of_record
TN:
SF:src\lib\constants.ts
FNF:0
FNH:0
DA:1,2
DA:10,2
LF:2
LH:2
BRF:0
BRH:0
end_of_record
TN:
SF:src\lib\utils.ts
FN:1,(anonymous_0)
FN:32,(anonymous_1)
FNF:2
FNH:1
FNDA:0,(anonymous_0)
FNDA:9,(anonymous_1)
DA:1,2
DA:2,0
DA:3,0
DA:4,0
DA:6,0
DA:7,0
DA:10,0
DA:11,0
DA:12,0
DA:15,0
DA:16,0
DA:17,0
DA:20,0
DA:21,0
DA:22,0
DA:25,0
DA:32,2
DA:33,9
LF:18
LH:3
BRDA:6,0,0,0
BRDA:7,1,0,0
BRDA:7,1,1,0
BRDA:11,2,0,0
BRDA:12,3,0,0
BRDA:12,3,1,0
BRDA:16,4,0,0
BRDA:17,5,0,0
BRDA:17,5,1,0
BRDA:21,6,0,0
BRDA:22,7,0,0
BRDA:22,7,1,0
BRF:12
BRH:0
end_of_record
TN:
SF:src\pages\NotFound.tsx
FN:3,(anonymous_0)
FN:6,(anonymous_1)
FNF:2
FNH:0
FNDA:0,(anonymous_0)
FNDA:0,(anonymous_1)
DA:1,0
DA:3,0
DA:4,0
DA:6,0
DA:7,0
DA:10,0
DA:33,0
LF:7
LH:0
BRF:0
BRH:0
end_of_record
TN:
SF:src\pages\index.tsx
FN:5,(anonymous_0)
FN:11,(anonymous_1)
FN:12,(anonymous_2)
FN:17,(anonymous_3)
FNF:4
FNH:0
FNDA:0,(anonymous_0)
FNDA:0,(anonymous_1)
FNDA:0,(anonymous_2)
FNDA:0,(anonymous_3)
DA:1,0
DA:2,0
DA:3,0
DA:5,0
DA:6,0
DA:7,0
DA:8,0
DA:9,0
DA:11,0
DA:12,0
DA:13,0
DA:14,0
DA:17,0
DA:21,0
DA:32,0
LF:15
LH:0
BRDA:23,0,0,0
BRDA:23,0,1,0
BRF:2
BRH:0
end_of_record
TN:
SF:src\pages\dashboard\Dashboard.tsx
FN:4,Dashboard
FNF:1
FNH:0
FNDA:0,Dashboard
DA:1,0
DA:2,0
DA:4,0
DA:5,0
LF:4
LH:0
BRF:0
BRH:0
end_of_record
TN:
SF:src\pages\dashboard\Loans.tsx
FN:5,(anonymous_1)
FNF:1
FNH:0
FNDA:0,(anonymous_1)
DA:1,0
DA:2,0
DA:3,0
DA:5,0
DA:6,0
DA:50,0
LF:6
LH:0
BRF:0
BRH:0
end_of_record
TN:
SF:src\pages\dashboard\Transactions.tsx
FN:4,(anonymous_0)
FNF:1
FNH:0
FNDA:0,(anonymous_0)
DA:1,0
DA:2,0
DA:4,0
DA:5,0
DA:24,0
LF:5
LH:0
BRF:0
BRH:0
end_of_record
TN:
SF:src\providers\store.provider.tsx
FN:6,(anonymous_0)
FNF:1
FNH:0
FNDA:0,(anonymous_0)
DA:3,0
DA:4,0
DA:6,0
DA:7,0
DA:10,0
LF:5
LH:0
BRF:0
BRH:0
end_of_record
TN:
SF:src\redux\store.ts
FN:8,(anonymous_0)
FNF:1
FNH:0
FNDA:0,(anonymous_0)
DA:1,0
DA:2,0
DA:4,0
DA:9,0
LF:4
LH:0
BRF:0
BRH:0
end_of_record
TN:
SF:src\redux\api\apiSlice.ts
FN:18,(anonymous_0)
FN:20,(anonymous_1)
FN:25,(anonymous_2)
FN:30,(anonymous_3)
FN:34,(anonymous_4)
FN:39,(anonymous_5)
FN:47,(anonymous_6)
FN:52,(anonymous_7)
FN:56,(anonymous_8)
FNF:9
FNH:1
FNDA:2,(anonymous_0)
FNDA:0,(anonymous_1)
FNDA:0,(anonymous_2)
FNDA:0,(anonymous_3)
FNDA:0,(anonymous_4)
FNDA:0,(anonymous_5)
FNDA:0,(anonymous_6)
FNDA:0,(anonymous_7)
FNDA:0,(anonymous_8)
DA:1,2
DA:9,2
DA:11,2
DA:18,2
DA:20,0
DA:25,0
DA:30,0
DA:34,0
DA:39,0
DA:47,0
DA:53,0
DA:54,0
DA:55,0
DA:57,0
DA:69,2
LF:15
LH:5
BRF:0
BRH:0
end_of_record
TN:
SF:src\routes\index.tsx
FNF:0
FNH:0
DA:1,0
DA:2,0
DA:3,0
DA:4,0
DA:5,0
DA:6,0
DA:7,0
DA:8,0
DA:10,0
LF:9
LH:0
BRF:0
BRH:0
end_of_record
